2019-05-07 21:12:11 下午 [Thread: localhost-startStop-1][ Class:org.springframework.web.context.ContextLoader >> Method: org.springframework.web.context.ContextLoader.initWebApplicationContext(ContextLoader.java:285) ]
INFO:Root WebApplicationContext: initialization started
2019-05-07 21:12:11 下午 [Thread: localhost-startStop-1][ Class:org.springframework.web.context.support.XmlWebApplicationContext >> Method: org.springframework.context.support.AbstractApplicationContext.prepareRefresh(AbstractApplicationContext.java:510) ]
INFO:Refreshing Root WebApplicationContext: startup date [Tue May 07 21:12:11 CST 2019]; root of context hierarchy
2019-05-07 21:12:11 下午 [Thread: localhost-startStop-1][ Class:org.springframework.beans.factory.xml.XmlBeanDefinitionReader >> Method: org.springframework.beans.factory.xml.XmlBeanDefinitionReader.loadBeanDefinitions(XmlBeanDefinitionReader.java:317) ]
INFO:Loading XML bean definitions from file [C:\Users\hello\Desktop\taotao\taotao-manager-web\target\classes\spring\applicationContext-dao.xml]
2019-05-07 21:12:11 下午 [Thread: localhost-startStop-1][ Class:org.springframework.beans.factory.xml.XmlBeanDefinitionReader >> Method: org.springframework.beans.factory.xml.XmlBeanDefinitionReader.loadBeanDefinitions(XmlBeanDefinitionReader.java:317) ]
INFO:Loading XML bean definitions from file [C:\Users\hello\Desktop\taotao\taotao-manager-web\target\classes\spring\applicationContext-service.xml]
2019-05-07 21:12:11 下午 [Thread: localhost-startStop-1][ Class:org.springframework.beans.factory.xml.XmlBeanDefinitionReader >> Method: org.springframework.beans.factory.xml.XmlBeanDefinitionReader.loadBeanDefinitions(XmlBeanDefinitionReader.java:317) ]
INFO:Loading XML bean definitions from file [C:\Users\hello\Desktop\taotao\taotao-manager-web\target\classes\spring\applicationContext-trans.xml]
2019-05-07 21:12:11 下午 [Thread: localhost-startStop-1][ Class:org.springframework.context.support.PropertySourcesPlaceholderConfigurer >> Method: org.springframework.core.io.support.PropertiesLoaderSupport.loadProperties(PropertiesLoaderSupport.java:172) ]
INFO:Loading properties file from file [C:\Users\hello\Desktop\taotao\taotao-manager-web\target\classes\resource\db.properties]
2019-05-07 21:12:11 下午 [Thread: localhost-startStop-1][ Class:org.springframework.context.support.PropertySourcesPlaceholderConfigurer >> Method: org.springframework.core.io.support.PropertiesLoaderSupport.loadProperties(PropertiesLoaderSupport.java:172) ]
INFO:Loading properties file from file [C:\Users\hello\Desktop\taotao\taotao-manager-web\target\classes\resource\resource.properties]
2019-05-07 21:12:13 下午 [Thread: localhost-startStop-1][ Class:org.springframework.web.context.ContextLoader >> Method: org.springframework.web.context.ContextLoader.initWebApplicationContext(ContextLoader.java:325) ]
INFO:Root WebApplicationContext: initialization completed in 1743 ms
2019-05-07 21:12:13 下午 [Thread: localhost-startStop-1][ Class:org.springframework.web.servlet.DispatcherServlet >> Method: org.springframework.web.servlet.FrameworkServlet.initServletBean(FrameworkServlet.java:484) ]
INFO:FrameworkServlet 'taotao-manager': initialization started
2019-05-07 21:12:13 下午 [Thread: localhost-startStop-1][ Class:org.springframework.web.context.support.XmlWebApplicationContext >> Method: org.springframework.context.support.AbstractApplicationContext.prepareRefresh(AbstractApplicationContext.java:510) ]
INFO:Refreshing WebApplicationContext for namespace 'taotao-manager-servlet': startup date [Tue May 07 21:12:13 CST 2019]; parent: Root WebApplicationContext
2019-05-07 21:12:13 下午 [Thread: localhost-startStop-1][ Class:org.springframework.beans.factory.xml.XmlBeanDefinitionReader >> Method: org.springframework.beans.factory.xml.XmlBeanDefinitionReader.loadBeanDefinitions(XmlBeanDefinitionReader.java:317) ]
INFO:Loading XML bean definitions from class path resource [spring/springmvc.xml]
2019-05-07 21:12:13 下午 [Thread: localhost-startStop-1][ Class:org.springframework.web.servlet.mvc.method.annotation.RequestMappingHandlerMapping >> Method: org.springframework.web.servlet.handler.AbstractHandlerMethodMapping.registerHandlerMethod(AbstractHandlerMethodMapping.java:220) ]
INFO:Mapped "{[/content/category/create],methods=[],params=[],headers=[],consumes=[],produces=[],custom=[]}" onto public com.taotao.common.pojo.TaotaoResult com.taotao.controller.ContentCategoryController.createContentCategory(java.lang.Long,java.lang.String)
2019-05-07 21:12:13 下午 [Thread: localhost-startStop-1][ Class:org.springframework.web.servlet.mvc.method.annotation.RequestMappingHandlerMapping >> Method: org.springframework.web.servlet.handler.AbstractHandlerMethodMapping.registerHandlerMethod(AbstractHandlerMethodMapping.java:220) ]
INFO:Mapped "{[/content/category/list],methods=[],params=[],headers=[],consumes=[],produces=[],custom=[]}" onto public java.util.List<com.taotao.common.pojo.EUTreeNode> com.taotao.controller.ContentCategoryController.getContentCatList(java.lang.Long)
2019-05-07 21:12:13 下午 [Thread: localhost-startStop-1][ Class:org.springframework.web.servlet.mvc.method.annotation.RequestMappingHandlerMapping >> Method: org.springframework.web.servlet.handler.AbstractHandlerMethodMapping.registerHandlerMethod(AbstractHandlerMethodMapping.java:220) ]
INFO:Mapped "{[/content/save],methods=[],params=[],headers=[],consumes=[],produces=[],custom=[]}" onto public com.taotao.common.pojo.TaotaoResult com.taotao.controller.ContentController.insertContent(com.taotao.pojo.TbContent)
2019-05-07 21:12:13 下午 [Thread: localhost-startStop-1][ Class:org.springframework.web.servlet.mvc.method.annotation.RequestMappingHandlerMapping >> Method: org.springframework.web.servlet.handler.AbstractHandlerMethodMapping.registerHandlerMethod(AbstractHandlerMethodMapping.java:220) ]
INFO:Mapped "{[/item/cat/list],methods=[],params=[],headers=[],consumes=[],produces=[],custom=[]}" onto private java.util.List<com.taotao.common.pojo.EUTreeNode> com.taotao.controller.ItemCatController.getCatList(java.lang.Long)
2019-05-07 21:12:13 下午 [Thread: localhost-startStop-1][ Class:org.springframework.web.servlet.mvc.method.annotation.RequestMappingHandlerMapping >> Method: org.springframework.web.servlet.handler.AbstractHandlerMethodMapping.registerHandlerMethod(AbstractHandlerMethodMapping.java:220) ]
INFO:Mapped "{[/item/edit/{page}],methods=[],params=[],headers=[],consumes=[],produces=[],custom=[]}" onto private java.lang.String com.taotao.controller.ItemController.showItemList(java.lang.String)
2019-05-07 21:12:13 下午 [Thread: localhost-startStop-1][ Class:org.springframework.web.servlet.mvc.method.annotation.RequestMappingHandlerMapping >> Method: org.springframework.web.servlet.handler.AbstractHandlerMethodMapping.registerHandlerMethod(AbstractHandlerMethodMapping.java:220) ]
INFO:Mapped "{[/item/delete],methods=[POST],params=[],headers=[],consumes=[],produces=[],custom=[]}" onto public com.taotao.common.pojo.TaotaoResult com.taotao.controller.ItemController.deleteItem(java.lang.String) throws java.lang.Exception
2019-05-07 21:12:13 下午 [Thread: localhost-startStop-1][ Class:org.springframework.web.servlet.mvc.method.annotation.RequestMappingHandlerMapping >> Method: org.springframework.web.servlet.handler.AbstractHandlerMethodMapping.registerHandlerMethod(AbstractHandlerMethodMapping.java:220) ]
INFO:Mapped "{[/item/update],methods=[POST],params=[],headers=[],consumes=[],produces=[],custom=[]}" onto private com.taotao.common.pojo.TaotaoResult com.taotao.controller.ItemController.updateItem(com.taotao.pojo.TbItem,java.lang.String,java.lang.String) throws java.lang.Exception
2019-05-07 21:12:13 下午 [Thread: localhost-startStop-1][ Class:org.springframework.web.servlet.mvc.method.annotation.RequestMappingHandlerMapping >> Method: org.springframework.web.servlet.handler.AbstractHandlerMethodMapping.registerHandlerMethod(AbstractHandlerMethodMapping.java:220) ]
INFO:Mapped "{[/item/update],methods=[],params=[],headers=[],consumes=[],produces=[],custom=[]}" onto public com.taotao.common.pojo.TaotaoResult com.taotao.controller.ItemController.updateItem(com.taotao.pojo.TbItem,java.lang.String)
2019-05-07 21:12:13 下午 [Thread: localhost-startStop-1][ Class:org.springframework.web.servlet.mvc.method.annotation.RequestMappingHandlerMapping >> Method: org.springframework.web.servlet.handler.AbstractHandlerMethodMapping.registerHandlerMethod(AbstractHandlerMethodMapping.java:220) ]
INFO:Mapped "{[/item/{itemId}],methods=[],params=[],headers=[],consumes=[],produces=[],custom=[]}" onto public com.taotao.pojo.TbItem com.taotao.controller.ItemController.getItemById(java.lang.Long)
2019-05-07 21:12:13 下午 [Thread: localhost-startStop-1][ Class:org.springframework.web.servlet.mvc.method.annotation.RequestMappingHandlerMapping >> Method: org.springframework.web.servlet.handler.AbstractHandlerMethodMapping.registerHandlerMethod(AbstractHandlerMethodMapping.java:220) ]
INFO:Mapped "{[/item/list],methods=[],params=[],headers=[],consumes=[],produces=[],custom=[]}" onto public com.taotao.common.pojo.EUDataGridResult com.taotao.controller.ItemController.getItemList(java.lang.Integer,java.lang.Integer)
2019-05-07 21:12:13 下午 [Thread: localhost-startStop-1][ Class:org.springframework.web.servlet.mvc.method.annotation.RequestMappingHandlerMapping >> Method: org.springframework.web.servlet.handler.AbstractHandlerMethodMapping.registerHandlerMethod(AbstractHandlerMethodMapping.java:220) ]
INFO:Mapped "{[/item/save],methods=[POST],params=[],headers=[],consumes=[],produces=[],custom=[]}" onto private com.taotao.common.pojo.TaotaoResult com.taotao.controller.ItemController.createItem(com.taotao.pojo.TbItem,java.lang.String,java.lang.String) throws java.lang.Exception
2019-05-07 21:12:13 下午 [Thread: localhost-startStop-1][ Class:org.springframework.web.servlet.mvc.method.annotation.RequestMappingHandlerMapping >> Method: org.springframework.web.servlet.handler.AbstractHandlerMethodMapping.registerHandlerMethod(AbstractHandlerMethodMapping.java:220) ]
INFO:Mapped "{[/hello],methods=[GET],params=[],headers=[],consumes=[],produces=[],custom=[]}" onto private com.taotao.common.pojo.TaotaoResult com.taotao.controller.ItemController.hello() throws java.lang.Exception
2019-05-07 21:12:13 下午 [Thread: localhost-startStop-1][ Class:org.springframework.web.servlet.mvc.method.annotation.RequestMappingHandlerMapping >> Method: org.springframework.web.servlet.handler.AbstractHandlerMethodMapping.registerHandlerMethod(AbstractHandlerMethodMapping.java:220) ]
INFO:Mapped "{[/item/param/save/{cid}],methods=[],params=[],headers=[],consumes=[],produces=[],custom=[]}" onto public com.taotao.common.pojo.TaotaoResult com.taotao.controller.ItemParamController.insertItemParam(java.lang.Long,java.lang.String)
2019-05-07 21:12:13 下午 [Thread: localhost-startStop-1][ Class:org.springframework.web.servlet.mvc.method.annotation.RequestMappingHandlerMapping >> Method: org.springframework.web.servlet.handler.AbstractHandlerMethodMapping.registerHandlerMethod(AbstractHandlerMethodMapping.java:220) ]
INFO:Mapped "{[/item/param/query/itemcatid/{itemCatId}],methods=[],params=[],headers=[],consumes=[],produces=[],custom=[]}" onto public com.taotao.common.pojo.TaotaoResult com.taotao.controller.ItemParamController.getItemParamByCid(java.lang.Long)
2019-05-07 21:12:13 下午 [Thread: localhost-startStop-1][ Class:org.springframework.web.servlet.mvc.method.annotation.RequestMappingHandlerMapping >> Method: org.springframework.web.servlet.handler.AbstractHandlerMethodMapping.registerHandlerMethod(AbstractHandlerMethodMapping.java:220) ]
INFO:Mapped "{[/showitem/{itemId}],methods=[],params=[],headers=[],consumes=[],produces=[],custom=[]}" onto public java.lang.String com.taotao.controller.ItemParamItemController.showItemParam(java.lang.Long,org.springframework.ui.Model)
2019-05-07 21:12:13 下午 [Thread: localhost-startStop-1][ Class:org.springframework.web.servlet.mvc.method.annotation.RequestMappingHandlerMapping >> Method: org.springframework.web.servlet.handler.AbstractHandlerMethodMapping.registerHandlerMethod(AbstractHandlerMethodMapping.java:220) ]
INFO:Mapped "{[/],methods=[],params=[],headers=[],consumes=[],produces=[],custom=[]}" onto public java.lang.String com.taotao.controller.PageController.showIndex()
2019-05-07 21:12:13 下午 [Thread: localhost-startStop-1][ Class:org.springframework.web.servlet.mvc.method.annotation.RequestMappingHandlerMapping >> Method: org.springframework.web.servlet.handler.AbstractHandlerMethodMapping.registerHandlerMethod(AbstractHandlerMethodMapping.java:220) ]
INFO:Mapped "{[/{page}],methods=[],params=[],headers=[],consumes=[],produces=[],custom=[]}" onto public java.lang.String com.taotao.controller.PageController.showpage(java.lang.String)
2019-05-07 21:12:13 下午 [Thread: localhost-startStop-1][ Class:org.springframework.web.servlet.mvc.method.annotation.RequestMappingHandlerMapping >> Method: org.springframework.web.servlet.handler.AbstractHandlerMethodMapping.registerHandlerMethod(AbstractHandlerMethodMapping.java:220) ]
INFO:Mapped "{[/pic/upload],methods=[],params=[],headers=[],consumes=[],produces=[],custom=[]}" onto public java.lang.String com.taotao.controller.PictureController.pictureUpload(org.springframework.web.multipart.MultipartFile)
2019-05-07 21:12:13 下午 [Thread: localhost-startStop-1][ Class:org.springframework.web.servlet.mvc.method.annotation.RequestMappingHandlerAdapter >> Method: org.springframework.web.servlet.mvc.method.annotation.RequestMappingHandlerAdapter.initControllerAdviceCache(RequestMappingHandlerAdapter.java:518) ]
INFO:Looking for @ControllerAdvice: WebApplicationContext for namespace 'taotao-manager-servlet': startup date [Tue May 07 21:12:13 CST 2019]; parent: Root WebApplicationContext
2019-05-07 21:12:13 下午 [Thread: localhost-startStop-1][ Class:org.springframework.web.servlet.mvc.method.annotation.RequestMappingHandlerAdapter >> Method: org.springframework.web.servlet.mvc.method.annotation.RequestMappingHandlerAdapter.initControllerAdviceCache(RequestMappingHandlerAdapter.java:518) ]
INFO:Looking for @ControllerAdvice: WebApplicationContext for namespace 'taotao-manager-servlet': startup date [Tue May 07 21:12:13 CST 2019]; parent: Root WebApplicationContext
2019-05-07 21:12:13 下午 [Thread: localhost-startStop-1][ Class:org.springframework.web.servlet.handler.SimpleUrlHandlerMapping >> Method: org.springframework.web.servlet.handler.AbstractUrlHandlerMapping.registerHandler(AbstractUrlHandlerMapping.java:314) ]
INFO:Mapped URL path [/css/**] onto handler 'org.springframework.web.servlet.resource.ResourceHttpRequestHandler#0'
2019-05-07 21:12:13 下午 [Thread: localhost-startStop-1][ Class:org.springframework.web.servlet.handler.SimpleUrlHandlerMapping >> Method: org.springframework.web.servlet.handler.AbstractUrlHandlerMapping.registerHandler(AbstractUrlHandlerMapping.java:314) ]
INFO:Mapped URL path [/js/**] onto handler 'org.springframework.web.servlet.resource.ResourceHttpRequestHandler#1'
2019-05-07 21:12:14 下午 [Thread: localhost-startStop-1][ Class:org.springframework.web.servlet.DispatcherServlet >> Method: org.springframework.web.servlet.FrameworkServlet.initServletBean(FrameworkServlet.java:503) ]
INFO:FrameworkServlet 'taotao-manager': initialization completed in 775 ms
2019-05-07 21:12:21 下午 [Thread: http-bio-8080-exec-1][ Class:com.alibaba.druid.pool.DruidDataSource >> Method: com.alibaba.druid.pool.DruidDataSource.init(DruidDataSource.java:655) ]
INFO:{dataSource-1} inited
2019-05-07 21:12:28 下午 [Thread: http-bio-8080-exec-9][ Class:org.springframework.web.servlet.PageNotFound >> Method: org.springframework.web.servlet.DispatcherServlet.noHandlerFound(DispatcherServlet.java:1120) ]
WARN:No mapping found for HTTP request with URI [/rest/item/query/item/desc/562379] in DispatcherServlet with name 'taotao-manager'
2019-05-07 21:12:28 下午 [Thread: http-bio-8080-exec-3][ Class:org.springframework.web.servlet.PageNotFound >> Method: org.springframework.web.servlet.DispatcherServlet.noHandlerFound(DispatcherServlet.java:1120) ]
WARN:No mapping found for HTTP request with URI [/rest/item/param/item/query/562379] in DispatcherServlet with name 'taotao-manager'
2019-05-07 21:19:28 下午 [Thread: localhost-startStop-1][ Class:org.springframework.web.context.ContextLoader >> Method: org.springframework.web.context.ContextLoader.initWebApplicationContext(ContextLoader.java:285) ]
INFO:Root WebApplicationContext: initialization started
2019-05-07 21:19:28 下午 [Thread: localhost-startStop-1][ Class:org.springframework.web.context.support.XmlWebApplicationContext >> Method: org.springframework.context.support.AbstractApplicationContext.prepareRefresh(AbstractApplicationContext.java:510) ]
INFO:Refreshing Root WebApplicationContext: startup date [Tue May 07 21:19:28 CST 2019]; root of context hierarchy
2019-05-07 21:19:28 下午 [Thread: localhost-startStop-1][ Class:org.springframework.beans.factory.xml.XmlBeanDefinitionReader >> Method: org.springframework.beans.factory.xml.XmlBeanDefinitionReader.loadBeanDefinitions(XmlBeanDefinitionReader.java:317) ]
INFO:Loading XML bean definitions from file [C:\Users\hello\Desktop\taotao\taotao-manager-web\target\classes\spring\applicationContext-dao.xml]
2019-05-07 21:19:28 下午 [Thread: localhost-startStop-1][ Class:org.springframework.beans.factory.xml.XmlBeanDefinitionReader >> Method: org.springframework.beans.factory.xml.XmlBeanDefinitionReader.loadBeanDefinitions(XmlBeanDefinitionReader.java:317) ]
INFO:Loading XML bean definitions from file [C:\Users\hello\Desktop\taotao\taotao-manager-web\target\classes\spring\applicationContext-service.xml]
2019-05-07 21:19:28 下午 [Thread: localhost-startStop-1][ Class:org.springframework.beans.factory.xml.XmlBeanDefinitionReader >> Method: org.springframework.beans.factory.xml.XmlBeanDefinitionReader.loadBeanDefinitions(XmlBeanDefinitionReader.java:317) ]
INFO:Loading XML bean definitions from file [C:\Users\hello\Desktop\taotao\taotao-manager-web\target\classes\spring\applicationContext-trans.xml]
2019-05-07 21:19:28 下午 [Thread: localhost-startStop-1][ Class:org.springframework.context.support.PropertySourcesPlaceholderConfigurer >> Method: org.springframework.core.io.support.PropertiesLoaderSupport.loadProperties(PropertiesLoaderSupport.java:172) ]
INFO:Loading properties file from file [C:\Users\hello\Desktop\taotao\taotao-manager-web\target\classes\resource\db.properties]
2019-05-07 21:19:28 下午 [Thread: localhost-startStop-1][ Class:org.springframework.context.support.PropertySourcesPlaceholderConfigurer >> Method: org.springframework.core.io.support.PropertiesLoaderSupport.loadProperties(PropertiesLoaderSupport.java:172) ]
INFO:Loading properties file from file [C:\Users\hello\Desktop\taotao\taotao-manager-web\target\classes\resource\resource.properties]
2019-05-07 21:19:29 下午 [Thread: localhost-startStop-1][ Class:org.springframework.web.context.ContextLoader >> Method: org.springframework.web.context.ContextLoader.initWebApplicationContext(ContextLoader.java:325) ]
INFO:Root WebApplicationContext: initialization completed in 1455 ms
2019-05-07 21:19:29 下午 [Thread: localhost-startStop-1][ Class:org.springframework.web.servlet.DispatcherServlet >> Method: org.springframework.web.servlet.FrameworkServlet.initServletBean(FrameworkServlet.java:484) ]
INFO:FrameworkServlet 'taotao-manager': initialization started
2019-05-07 21:19:29 下午 [Thread: localhost-startStop-1][ Class:org.springframework.web.context.support.XmlWebApplicationContext >> Method: org.springframework.context.support.AbstractApplicationContext.prepareRefresh(AbstractApplicationContext.java:510) ]
INFO:Refreshing WebApplicationContext for namespace 'taotao-manager-servlet': startup date [Tue May 07 21:19:29 CST 2019]; parent: Root WebApplicationContext
2019-05-07 21:19:29 下午 [Thread: localhost-startStop-1][ Class:org.springframework.beans.factory.xml.XmlBeanDefinitionReader >> Method: org.springframework.beans.factory.xml.XmlBeanDefinitionReader.loadBeanDefinitions(XmlBeanDefinitionReader.java:317) ]
INFO:Loading XML bean definitions from class path resource [spring/springmvc.xml]
2019-05-07 21:19:30 下午 [Thread: localhost-startStop-1][ Class:org.springframework.web.servlet.mvc.method.annotation.RequestMappingHandlerMapping >> Method: org.springframework.web.servlet.handler.AbstractHandlerMethodMapping.registerHandlerMethod(AbstractHandlerMethodMapping.java:220) ]
INFO:Mapped "{[/content/category/create],methods=[],params=[],headers=[],consumes=[],produces=[],custom=[]}" onto public com.taotao.common.pojo.TaotaoResult com.taotao.controller.ContentCategoryController.createContentCategory(java.lang.Long,java.lang.String)
2019-05-07 21:19:30 下午 [Thread: localhost-startStop-1][ Class:org.springframework.web.servlet.mvc.method.annotation.RequestMappingHandlerMapping >> Method: org.springframework.web.servlet.handler.AbstractHandlerMethodMapping.registerHandlerMethod(AbstractHandlerMethodMapping.java:220) ]
INFO:Mapped "{[/content/category/list],methods=[],params=[],headers=[],consumes=[],produces=[],custom=[]}" onto public java.util.List<com.taotao.common.pojo.EUTreeNode> com.taotao.controller.ContentCategoryController.getContentCatList(java.lang.Long)
2019-05-07 21:19:30 下午 [Thread: localhost-startStop-1][ Class:org.springframework.web.servlet.mvc.method.annotation.RequestMappingHandlerMapping >> Method: org.springframework.web.servlet.handler.AbstractHandlerMethodMapping.registerHandlerMethod(AbstractHandlerMethodMapping.java:220) ]
INFO:Mapped "{[/content/save],methods=[],params=[],headers=[],consumes=[],produces=[],custom=[]}" onto public com.taotao.common.pojo.TaotaoResult com.taotao.controller.ContentController.insertContent(com.taotao.pojo.TbContent)
2019-05-07 21:19:30 下午 [Thread: localhost-startStop-1][ Class:org.springframework.web.servlet.mvc.method.annotation.RequestMappingHandlerMapping >> Method: org.springframework.web.servlet.handler.AbstractHandlerMethodMapping.registerHandlerMethod(AbstractHandlerMethodMapping.java:220) ]
INFO:Mapped "{[/item/cat/list],methods=[],params=[],headers=[],consumes=[],produces=[],custom=[]}" onto private java.util.List<com.taotao.common.pojo.EUTreeNode> com.taotao.controller.ItemCatController.getCatList(java.lang.Long)
2019-05-07 21:19:30 下午 [Thread: localhost-startStop-1][ Class:org.springframework.web.servlet.mvc.method.annotation.RequestMappingHandlerMapping >> Method: org.springframework.web.servlet.handler.AbstractHandlerMethodMapping.registerHandlerMethod(AbstractHandlerMethodMapping.java:220) ]
INFO:Mapped "{[/hello],methods=[GET],params=[],headers=[],consumes=[],produces=[],custom=[]}" onto private com.taotao.common.pojo.TaotaoResult com.taotao.controller.ItemController.hello() throws java.lang.Exception
2019-05-07 21:19:30 下午 [Thread: localhost-startStop-1][ Class:org.springframework.web.servlet.mvc.method.annotation.RequestMappingHandlerMapping >> Method: org.springframework.web.servlet.handler.AbstractHandlerMethodMapping.registerHandlerMethod(AbstractHandlerMethodMapping.java:220) ]
INFO:Mapped "{[/item/update],methods=[],params=[],headers=[],consumes=[],produces=[],custom=[]}" onto public com.taotao.common.pojo.TaotaoResult com.taotao.controller.ItemController.updateItem(com.taotao.pojo.TbItem,java.lang.String)
2019-05-07 21:19:30 下午 [Thread: localhost-startStop-1][ Class:org.springframework.web.servlet.mvc.method.annotation.RequestMappingHandlerMapping >> Method: org.springframework.web.servlet.handler.AbstractHandlerMethodMapping.registerHandlerMethod(AbstractHandlerMethodMapping.java:220) ]
INFO:Mapped "{[/item/update],methods=[POST],params=[],headers=[],consumes=[],produces=[],custom=[]}" onto private com.taotao.common.pojo.TaotaoResult com.taotao.controller.ItemController.updateItem(com.taotao.pojo.TbItem,java.lang.String,java.lang.String) throws java.lang.Exception
2019-05-07 21:19:30 下午 [Thread: localhost-startStop-1][ Class:org.springframework.web.servlet.mvc.method.annotation.RequestMappingHandlerMapping >> Method: org.springframework.web.servlet.handler.AbstractHandlerMethodMapping.registerHandlerMethod(AbstractHandlerMethodMapping.java:220) ]
INFO:Mapped "{[/item/delete],methods=[POST],params=[],headers=[],consumes=[],produces=[],custom=[]}" onto public com.taotao.common.pojo.TaotaoResult com.taotao.controller.ItemController.deleteItem(java.lang.String) throws java.lang.Exception
2019-05-07 21:19:30 下午 [Thread: localhost-startStop-1][ Class:org.springframework.web.servlet.mvc.method.annotation.RequestMappingHandlerMapping >> Method: org.springframework.web.servlet.handler.AbstractHandlerMethodMapping.registerHandlerMethod(AbstractHandlerMethodMapping.java:220) ]
INFO:Mapped "{[/item/edit/{page}],methods=[],params=[],headers=[],consumes=[],produces=[],custom=[]}" onto private java.lang.String com.taotao.controller.ItemController.showItemList(java.lang.String)
2019-05-07 21:19:30 下午 [Thread: localhost-startStop-1][ Class:org.springframework.web.servlet.mvc.method.annotation.RequestMappingHandlerMapping >> Method: org.springframework.web.servlet.handler.AbstractHandlerMethodMapping.registerHandlerMethod(AbstractHandlerMethodMapping.java:220) ]
INFO:Mapped "{[/item/{itemId}],methods=[],params=[],headers=[],consumes=[],produces=[],custom=[]}" onto public com.taotao.pojo.TbItem com.taotao.controller.ItemController.getItemById(java.lang.Long)
2019-05-07 21:19:30 下午 [Thread: localhost-startStop-1][ Class:org.springframework.web.servlet.mvc.method.annotation.RequestMappingHandlerMapping >> Method: org.springframework.web.servlet.handler.AbstractHandlerMethodMapping.registerHandlerMethod(AbstractHandlerMethodMapping.java:220) ]
INFO:Mapped "{[/item/list],methods=[],params=[],headers=[],consumes=[],produces=[],custom=[]}" onto public com.taotao.common.pojo.EUDataGridResult com.taotao.controller.ItemController.getItemList(java.lang.Integer,java.lang.Integer)
2019-05-07 21:19:30 下午 [Thread: localhost-startStop-1][ Class:org.springframework.web.servlet.mvc.method.annotation.RequestMappingHandlerMapping >> Method: org.springframework.web.servlet.handler.AbstractHandlerMethodMapping.registerHandlerMethod(AbstractHandlerMethodMapping.java:220) ]
INFO:Mapped "{[/item/save],methods=[POST],params=[],headers=[],consumes=[],produces=[],custom=[]}" onto private com.taotao.common.pojo.TaotaoResult com.taotao.controller.ItemController.createItem(com.taotao.pojo.TbItem,java.lang.String,java.lang.String) throws java.lang.Exception
2019-05-07 21:19:30 下午 [Thread: localhost-startStop-1][ Class:org.springframework.web.servlet.mvc.method.annotation.RequestMappingHandlerMapping >> Method: org.springframework.web.servlet.handler.AbstractHandlerMethodMapping.registerHandlerMethod(AbstractHandlerMethodMapping.java:220) ]
INFO:Mapped "{[/item/param/query/itemcatid/{itemCatId}],methods=[],params=[],headers=[],consumes=[],produces=[],custom=[]}" onto public com.taotao.common.pojo.TaotaoResult com.taotao.controller.ItemParamController.getItemParamByCid(java.lang.Long)
2019-05-07 21:19:30 下午 [Thread: localhost-startStop-1][ Class:org.springframework.web.servlet.mvc.method.annotation.RequestMappingHandlerMapping >> Method: org.springframework.web.servlet.handler.AbstractHandlerMethodMapping.registerHandlerMethod(AbstractHandlerMethodMapping.java:220) ]
INFO:Mapped "{[/item/param/save/{cid}],methods=[],params=[],headers=[],consumes=[],produces=[],custom=[]}" onto public com.taotao.common.pojo.TaotaoResult com.taotao.controller.ItemParamController.insertItemParam(java.lang.Long,java.lang.String)
2019-05-07 21:19:30 下午 [Thread: localhost-startStop-1][ Class:org.springframework.web.servlet.mvc.method.annotation.RequestMappingHandlerMapping >> Method: org.springframework.web.servlet.handler.AbstractHandlerMethodMapping.registerHandlerMethod(AbstractHandlerMethodMapping.java:220) ]
INFO:Mapped "{[/showitem/{itemId}],methods=[],params=[],headers=[],consumes=[],produces=[],custom=[]}" onto public java.lang.String com.taotao.controller.ItemParamItemController.showItemParam(java.lang.Long,org.springframework.ui.Model)
2019-05-07 21:19:30 下午 [Thread: localhost-startStop-1][ Class:org.springframework.web.servlet.mvc.method.annotation.RequestMappingHandlerMapping >> Method: org.springframework.web.servlet.handler.AbstractHandlerMethodMapping.registerHandlerMethod(AbstractHandlerMethodMapping.java:220) ]
INFO:Mapped "{[/],methods=[],params=[],headers=[],consumes=[],produces=[],custom=[]}" onto public java.lang.String com.taotao.controller.PageController.showIndex()
2019-05-07 21:19:30 下午 [Thread: localhost-startStop-1][ Class:org.springframework.web.servlet.mvc.method.annotation.RequestMappingHandlerMapping >> Method: org.springframework.web.servlet.handler.AbstractHandlerMethodMapping.registerHandlerMethod(AbstractHandlerMethodMapping.java:220) ]
INFO:Mapped "{[/{page}],methods=[],params=[],headers=[],consumes=[],produces=[],custom=[]}" onto public java.lang.String com.taotao.controller.PageController.showpage(java.lang.String)
2019-05-07 21:19:30 下午 [Thread: localhost-startStop-1][ Class:org.springframework.web.servlet.mvc.method.annotation.RequestMappingHandlerMapping >> Method: org.springframework.web.servlet.handler.AbstractHandlerMethodMapping.registerHandlerMethod(AbstractHandlerMethodMapping.java:220) ]
INFO:Mapped "{[/pic/upload],methods=[],params=[],headers=[],consumes=[],produces=[],custom=[]}" onto public java.lang.String com.taotao.controller.PictureController.pictureUpload(org.springframework.web.multipart.MultipartFile)
2019-05-07 21:19:30 下午 [Thread: localhost-startStop-1][ Class:org.springframework.web.servlet.mvc.method.annotation.RequestMappingHandlerAdapter >> Method: org.springframework.web.servlet.mvc.method.annotation.RequestMappingHandlerAdapter.initControllerAdviceCache(RequestMappingHandlerAdapter.java:518) ]
INFO:Looking for @ControllerAdvice: WebApplicationContext for namespace 'taotao-manager-servlet': startup date [Tue May 07 21:19:29 CST 2019]; parent: Root WebApplicationContext
2019-05-07 21:19:30 下午 [Thread: localhost-startStop-1][ Class:org.springframework.web.servlet.mvc.method.annotation.RequestMappingHandlerAdapter >> Method: org.springframework.web.servlet.mvc.method.annotation.RequestMappingHandlerAdapter.initControllerAdviceCache(RequestMappingHandlerAdapter.java:518) ]
INFO:Looking for @ControllerAdvice: WebApplicationContext for namespace 'taotao-manager-servlet': startup date [Tue May 07 21:19:29 CST 2019]; parent: Root WebApplicationContext
2019-05-07 21:19:30 下午 [Thread: localhost-startStop-1][ Class:org.springframework.web.servlet.handler.SimpleUrlHandlerMapping >> Method: org.springframework.web.servlet.handler.AbstractUrlHandlerMapping.registerHandler(AbstractUrlHandlerMapping.java:314) ]
INFO:Mapped URL path [/css/**] onto handler 'org.springframework.web.servlet.resource.ResourceHttpRequestHandler#0'
2019-05-07 21:19:30 下午 [Thread: localhost-startStop-1][ Class:org.springframework.web.servlet.handler.SimpleUrlHandlerMapping >> Method: org.springframework.web.servlet.handler.AbstractUrlHandlerMapping.registerHandler(AbstractUrlHandlerMapping.java:314) ]
INFO:Mapped URL path [/js/**] onto handler 'org.springframework.web.servlet.resource.ResourceHttpRequestHandler#1'
2019-05-07 21:19:30 下午 [Thread: localhost-startStop-1][ Class:org.springframework.web.servlet.DispatcherServlet >> Method: org.springframework.web.servlet.FrameworkServlet.initServletBean(FrameworkServlet.java:503) ]
INFO:FrameworkServlet 'taotao-manager': initialization completed in 745 ms
2019-05-07 21:20:02 下午 [Thread: localhost-startStop-1][ Class:org.springframework.web.context.ContextLoader >> Method: org.springframework.web.context.ContextLoader.initWebApplicationContext(ContextLoader.java:285) ]
INFO:Root WebApplicationContext: initialization started
2019-05-07 21:20:02 下午 [Thread: localhost-startStop-1][ Class:org.springframework.web.context.support.XmlWebApplicationContext >> Method: org.springframework.context.support.AbstractApplicationContext.prepareRefresh(AbstractApplicationContext.java:510) ]
INFO:Refreshing Root WebApplicationContext: startup date [Tue May 07 21:20:02 CST 2019]; root of context hierarchy
2019-05-07 21:20:02 下午 [Thread: localhost-startStop-1][ Class:org.springframework.beans.factory.xml.XmlBeanDefinitionReader >> Method: org.springframework.beans.factory.xml.XmlBeanDefinitionReader.loadBeanDefinitions(XmlBeanDefinitionReader.java:317) ]
INFO:Loading XML bean definitions from file [C:\Users\hello\Desktop\taotao\taotao-manager-web\target\classes\spring\applicationContext-dao.xml]
2019-05-07 21:20:03 下午 [Thread: localhost-startStop-1][ Class:org.springframework.beans.factory.xml.XmlBeanDefinitionReader >> Method: org.springframework.beans.factory.xml.XmlBeanDefinitionReader.loadBeanDefinitions(XmlBeanDefinitionReader.java:317) ]
INFO:Loading XML bean definitions from file [C:\Users\hello\Desktop\taotao\taotao-manager-web\target\classes\spring\applicationContext-service.xml]
2019-05-07 21:20:03 下午 [Thread: localhost-startStop-1][ Class:org.springframework.beans.factory.xml.XmlBeanDefinitionReader >> Method: org.springframework.beans.factory.xml.XmlBeanDefinitionReader.loadBeanDefinitions(XmlBeanDefinitionReader.java:317) ]
INFO:Loading XML bean definitions from file [C:\Users\hello\Desktop\taotao\taotao-manager-web\target\classes\spring\applicationContext-trans.xml]
2019-05-07 21:20:03 下午 [Thread: localhost-startStop-1][ Class:org.springframework.context.support.PropertySourcesPlaceholderConfigurer >> Method: org.springframework.core.io.support.PropertiesLoaderSupport.loadProperties(PropertiesLoaderSupport.java:172) ]
INFO:Loading properties file from file [C:\Users\hello\Desktop\taotao\taotao-manager-web\target\classes\resource\db.properties]
2019-05-07 21:20:03 下午 [Thread: localhost-startStop-1][ Class:org.springframework.context.support.PropertySourcesPlaceholderConfigurer >> Method: org.springframework.core.io.support.PropertiesLoaderSupport.loadProperties(PropertiesLoaderSupport.java:172) ]
INFO:Loading properties file from file [C:\Users\hello\Desktop\taotao\taotao-manager-web\target\classes\resource\resource.properties]
2019-05-07 21:20:04 下午 [Thread: localhost-startStop-1][ Class:org.springframework.web.context.ContextLoader >> Method: org.springframework.web.context.ContextLoader.initWebApplicationContext(ContextLoader.java:325) ]
INFO:Root WebApplicationContext: initialization completed in 1454 ms
2019-05-07 21:20:04 下午 [Thread: localhost-startStop-1][ Class:org.springframework.web.servlet.DispatcherServlet >> Method: org.springframework.web.servlet.FrameworkServlet.initServletBean(FrameworkServlet.java:484) ]
INFO:FrameworkServlet 'taotao-manager': initialization started
2019-05-07 21:20:04 下午 [Thread: localhost-startStop-1][ Class:org.springframework.web.context.support.XmlWebApplicationContext >> Method: org.springframework.context.support.AbstractApplicationContext.prepareRefresh(AbstractApplicationContext.java:510) ]
INFO:Refreshing WebApplicationContext for namespace 'taotao-manager-servlet': startup date [Tue May 07 21:20:04 CST 2019]; parent: Root WebApplicationContext
2019-05-07 21:20:04 下午 [Thread: localhost-startStop-1][ Class:org.springframework.beans.factory.xml.XmlBeanDefinitionReader >> Method: org.springframework.beans.factory.xml.XmlBeanDefinitionReader.loadBeanDefinitions(XmlBeanDefinitionReader.java:317) ]
INFO:Loading XML bean definitions from class path resource [spring/springmvc.xml]
2019-05-07 21:20:04 下午 [Thread: localhost-startStop-1][ Class:org.springframework.web.servlet.mvc.method.annotation.RequestMappingHandlerMapping >> Method: org.springframework.web.servlet.handler.AbstractHandlerMethodMapping.registerHandlerMethod(AbstractHandlerMethodMapping.java:220) ]
INFO:Mapped "{[/content/category/list],methods=[],params=[],headers=[],consumes=[],produces=[],custom=[]}" onto public java.util.List<com.taotao.common.pojo.EUTreeNode> com.taotao.controller.ContentCategoryController.getContentCatList(java.lang.Long)
2019-05-07 21:20:04 下午 [Thread: localhost-startStop-1][ Class:org.springframework.web.servlet.mvc.method.annotation.RequestMappingHandlerMapping >> Method: org.springframework.web.servlet.handler.AbstractHandlerMethodMapping.registerHandlerMethod(AbstractHandlerMethodMapping.java:220) ]
INFO:Mapped "{[/content/category/create],methods=[],params=[],headers=[],consumes=[],produces=[],custom=[]}" onto public com.taotao.common.pojo.TaotaoResult com.taotao.controller.ContentCategoryController.createContentCategory(java.lang.Long,java.lang.String)
2019-05-07 21:20:04 下午 [Thread: localhost-startStop-1][ Class:org.springframework.web.servlet.mvc.method.annotation.RequestMappingHandlerMapping >> Method: org.springframework.web.servlet.handler.AbstractHandlerMethodMapping.registerHandlerMethod(AbstractHandlerMethodMapping.java:220) ]
INFO:Mapped "{[/content/save],methods=[],params=[],headers=[],consumes=[],produces=[],custom=[]}" onto public com.taotao.common.pojo.TaotaoResult com.taotao.controller.ContentController.insertContent(com.taotao.pojo.TbContent)
2019-05-07 21:20:04 下午 [Thread: localhost-startStop-1][ Class:org.springframework.web.servlet.mvc.method.annotation.RequestMappingHandlerMapping >> Method: org.springframework.web.servlet.handler.AbstractHandlerMethodMapping.registerHandlerMethod(AbstractHandlerMethodMapping.java:220) ]
INFO:Mapped "{[/item/cat/list],methods=[],params=[],headers=[],consumes=[],produces=[],custom=[]}" onto private java.util.List<com.taotao.common.pojo.EUTreeNode> com.taotao.controller.ItemCatController.getCatList(java.lang.Long)
2019-05-07 21:20:04 下午 [Thread: localhost-startStop-1][ Class:org.springframework.web.servlet.mvc.method.annotation.RequestMappingHandlerMapping >> Method: org.springframework.web.servlet.handler.AbstractHandlerMethodMapping.registerHandlerMethod(AbstractHandlerMethodMapping.java:220) ]
INFO:Mapped "{[/item/save],methods=[POST],params=[],headers=[],consumes=[],produces=[],custom=[]}" onto private com.taotao.common.pojo.TaotaoResult com.taotao.controller.ItemController.createItem(com.taotao.pojo.TbItem,java.lang.String,java.lang.String) throws java.lang.Exception
2019-05-07 21:20:04 下午 [Thread: localhost-startStop-1][ Class:org.springframework.web.servlet.mvc.method.annotation.RequestMappingHandlerMapping >> Method: org.springframework.web.servlet.handler.AbstractHandlerMethodMapping.registerHandlerMethod(AbstractHandlerMethodMapping.java:220) ]
INFO:Mapped "{[/item/list],methods=[],params=[],headers=[],consumes=[],produces=[],custom=[]}" onto public com.taotao.common.pojo.EUDataGridResult com.taotao.controller.ItemController.getItemList(java.lang.Integer,java.lang.Integer)
2019-05-07 21:20:04 下午 [Thread: localhost-startStop-1][ Class:org.springframework.web.servlet.mvc.method.annotation.RequestMappingHandlerMapping >> Method: org.springframework.web.servlet.handler.AbstractHandlerMethodMapping.registerHandlerMethod(AbstractHandlerMethodMapping.java:220) ]
INFO:Mapped "{[/item/{itemId}],methods=[],params=[],headers=[],consumes=[],produces=[],custom=[]}" onto public com.taotao.pojo.TbItem com.taotao.controller.ItemController.getItemById(java.lang.Long)
2019-05-07 21:20:04 下午 [Thread: localhost-startStop-1][ Class:org.springframework.web.servlet.mvc.method.annotation.RequestMappingHandlerMapping >> Method: org.springframework.web.servlet.handler.AbstractHandlerMethodMapping.registerHandlerMethod(AbstractHandlerMethodMapping.java:220) ]
INFO:Mapped "{[/hello],methods=[GET],params=[],headers=[],consumes=[],produces=[],custom=[]}" onto private com.taotao.common.pojo.TaotaoResult com.taotao.controller.ItemController.hello() throws java.lang.Exception
2019-05-07 21:20:04 下午 [Thread: localhost-startStop-1][ Class:org.springframework.web.servlet.mvc.method.annotation.RequestMappingHandlerMapping >> Method: org.springframework.web.servlet.handler.AbstractHandlerMethodMapping.registerHandlerMethod(AbstractHandlerMethodMapping.java:220) ]
INFO:Mapped "{[/item/edit/{page}],methods=[],params=[],headers=[],consumes=[],produces=[],custom=[]}" onto private java.lang.String com.taotao.controller.ItemController.showItemList(java.lang.String)
2019-05-07 21:20:04 下午 [Thread: localhost-startStop-1][ Class:org.springframework.web.servlet.mvc.method.annotation.RequestMappingHandlerMapping >> Method: org.springframework.web.servlet.handler.AbstractHandlerMethodMapping.registerHandlerMethod(AbstractHandlerMethodMapping.java:220) ]
INFO:Mapped "{[/item/delete],methods=[POST],params=[],headers=[],consumes=[],produces=[],custom=[]}" onto public com.taotao.common.pojo.TaotaoResult com.taotao.controller.ItemController.deleteItem(java.lang.String) throws java.lang.Exception
2019-05-07 21:20:04 下午 [Thread: localhost-startStop-1][ Class:org.springframework.web.servlet.mvc.method.annotation.RequestMappingHandlerMapping >> Method: org.springframework.web.servlet.handler.AbstractHandlerMethodMapping.registerHandlerMethod(AbstractHandlerMethodMapping.java:220) ]
INFO:Mapped "{[/item/update],methods=[],params=[],headers=[],consumes=[],produces=[],custom=[]}" onto public com.taotao.common.pojo.TaotaoResult com.taotao.controller.ItemController.updateItem(com.taotao.pojo.TbItem,java.lang.String)
2019-05-07 21:20:04 下午 [Thread: localhost-startStop-1][ Class:org.springframework.web.servlet.mvc.method.annotation.RequestMappingHandlerMapping >> Method: org.springframework.web.servlet.handler.AbstractHandlerMethodMapping.registerHandlerMethod(AbstractHandlerMethodMapping.java:220) ]
INFO:Mapped "{[/item/update],methods=[POST],params=[],headers=[],consumes=[],produces=[],custom=[]}" onto private com.taotao.common.pojo.TaotaoResult com.taotao.controller.ItemController.updateItem(com.taotao.pojo.TbItem,java.lang.String,java.lang.String) throws java.lang.Exception
2019-05-07 21:20:04 下午 [Thread: localhost-startStop-1][ Class:org.springframework.web.servlet.mvc.method.annotation.RequestMappingHandlerMapping >> Method: org.springframework.web.servlet.handler.AbstractHandlerMethodMapping.registerHandlerMethod(AbstractHandlerMethodMapping.java:220) ]
INFO:Mapped "{[/item/param/query/itemcatid/{itemCatId}],methods=[],params=[],headers=[],consumes=[],produces=[],custom=[]}" onto public com.taotao.common.pojo.TaotaoResult com.taotao.controller.ItemParamController.getItemParamByCid(java.lang.Long)
2019-05-07 21:20:04 下午 [Thread: localhost-startStop-1][ Class:org.springframework.web.servlet.mvc.method.annotation.RequestMappingHandlerMapping >> Method: org.springframework.web.servlet.handler.AbstractHandlerMethodMapping.registerHandlerMethod(AbstractHandlerMethodMapping.java:220) ]
INFO:Mapped "{[/item/param/save/{cid}],methods=[],params=[],headers=[],consumes=[],produces=[],custom=[]}" onto public com.taotao.common.pojo.TaotaoResult com.taotao.controller.ItemParamController.insertItemParam(java.lang.Long,java.lang.String)
2019-05-07 21:20:04 下午 [Thread: localhost-startStop-1][ Class:org.springframework.web.servlet.mvc.method.annotation.RequestMappingHandlerMapping >> Method: org.springframework.web.servlet.handler.AbstractHandlerMethodMapping.registerHandlerMethod(AbstractHandlerMethodMapping.java:220) ]
INFO:Mapped "{[/showitem/{itemId}],methods=[],params=[],headers=[],consumes=[],produces=[],custom=[]}" onto public java.lang.String com.taotao.controller.ItemParamItemController.showItemParam(java.lang.Long,org.springframework.ui.Model)
2019-05-07 21:20:04 下午 [Thread: localhost-startStop-1][ Class:org.springframework.web.servlet.mvc.method.annotation.RequestMappingHandlerMapping >> Method: org.springframework.web.servlet.handler.AbstractHandlerMethodMapping.registerHandlerMethod(AbstractHandlerMethodMapping.java:220) ]
INFO:Mapped "{[/{page}],methods=[],params=[],headers=[],consumes=[],produces=[],custom=[]}" onto public java.lang.String com.taotao.controller.PageController.showpage(java.lang.String)
2019-05-07 21:20:04 下午 [Thread: localhost-startStop-1][ Class:org.springframework.web.servlet.mvc.method.annotation.RequestMappingHandlerMapping >> Method: org.springframework.web.servlet.handler.AbstractHandlerMethodMapping.registerHandlerMethod(AbstractHandlerMethodMapping.java:220) ]
INFO:Mapped "{[/],methods=[],params=[],headers=[],consumes=[],produces=[],custom=[]}" onto public java.lang.String com.taotao.controller.PageController.showIndex()
2019-05-07 21:20:04 下午 [Thread: localhost-startStop-1][ Class:org.springframework.web.servlet.mvc.method.annotation.RequestMappingHandlerMapping >> Method: org.springframework.web.servlet.handler.AbstractHandlerMethodMapping.registerHandlerMethod(AbstractHandlerMethodMapping.java:220) ]
INFO:Mapped "{[/pic/upload],methods=[],params=[],headers=[],consumes=[],produces=[],custom=[]}" onto public java.lang.String com.taotao.controller.PictureController.pictureUpload(org.springframework.web.multipart.MultipartFile)
2019-05-07 21:20:04 下午 [Thread: localhost-startStop-1][ Class:org.springframework.web.servlet.mvc.method.annotation.RequestMappingHandlerAdapter >> Method: org.springframework.web.servlet.mvc.method.annotation.RequestMappingHandlerAdapter.initControllerAdviceCache(RequestMappingHandlerAdapter.java:518) ]
INFO:Looking for @ControllerAdvice: WebApplicationContext for namespace 'taotao-manager-servlet': startup date [Tue May 07 21:20:04 CST 2019]; parent: Root WebApplicationContext
2019-05-07 21:20:04 下午 [Thread: localhost-startStop-1][ Class:org.springframework.web.servlet.mvc.method.annotation.RequestMappingHandlerAdapter >> Method: org.springframework.web.servlet.mvc.method.annotation.RequestMappingHandlerAdapter.initControllerAdviceCache(RequestMappingHandlerAdapter.java:518) ]
INFO:Looking for @ControllerAdvice: WebApplicationContext for namespace 'taotao-manager-servlet': startup date [Tue May 07 21:20:04 CST 2019]; parent: Root WebApplicationContext
2019-05-07 21:20:05 下午 [Thread: localhost-startStop-1][ Class:org.springframework.web.servlet.handler.SimpleUrlHandlerMapping >> Method: org.springframework.web.servlet.handler.AbstractUrlHandlerMapping.registerHandler(AbstractUrlHandlerMapping.java:314) ]
INFO:Mapped URL path [/css/**] onto handler 'org.springframework.web.servlet.resource.ResourceHttpRequestHandler#0'
2019-05-07 21:20:05 下午 [Thread: localhost-startStop-1][ Class:org.springframework.web.servlet.handler.SimpleUrlHandlerMapping >> Method: org.springframework.web.servlet.handler.AbstractUrlHandlerMapping.registerHandler(AbstractUrlHandlerMapping.java:314) ]
INFO:Mapped URL path [/js/**] onto handler 'org.springframework.web.servlet.resource.ResourceHttpRequestHandler#1'
2019-05-07 21:20:05 下午 [Thread: localhost-startStop-1][ Class:org.springframework.web.servlet.DispatcherServlet >> Method: org.springframework.web.servlet.FrameworkServlet.initServletBean(FrameworkServlet.java:503) ]
INFO:FrameworkServlet 'taotao-manager': initialization completed in 727 ms
2019-05-07 21:20:13 下午 [Thread: http-bio-8080-exec-4][ Class:com.alibaba.druid.pool.DruidDataSource >> Method: com.alibaba.druid.pool.DruidDataSource.init(DruidDataSource.java:655) ]
INFO:{dataSource-1} inited
2019-05-07 21:20:16 下午 [Thread: http-bio-8080-exec-8][ Class:org.springframework.web.servlet.PageNotFound >> Method: org.springframework.web.servlet.DispatcherServlet.noHandlerFound(DispatcherServlet.java:1120) ]
WARN:No mapping found for HTTP request with URI [/rest/item/query/item/desc/562379] in DispatcherServlet with name 'taotao-manager'
2019-05-07 21:20:16 下午 [Thread: http-bio-8080-exec-2][ Class:org.springframework.web.servlet.PageNotFound >> Method: org.springframework.web.servlet.DispatcherServlet.noHandlerFound(DispatcherServlet.java:1120) ]
WARN:No mapping found for HTTP request with URI [/rest/item/param/item/query/562379] in DispatcherServlet with name 'taotao-manager'
2019-05-07 21:21:09 下午 [Thread: localhost-startStop-1][ Class:org.springframework.web.context.ContextLoader >> Method: org.springframework.web.context.ContextLoader.initWebApplicationContext(ContextLoader.java:285) ]
INFO:Root WebApplicationContext: initialization started
2019-05-07 21:21:09 下午 [Thread: localhost-startStop-1][ Class:org.springframework.web.context.support.XmlWebApplicationContext >> Method: org.springframework.context.support.AbstractApplicationContext.prepareRefresh(AbstractApplicationContext.java:510) ]
INFO:Refreshing Root WebApplicationContext: startup date [Tue May 07 21:21:09 CST 2019]; root of context hierarchy
2019-05-07 21:21:09 下午 [Thread: localhost-startStop-1][ Class:org.springframework.beans.factory.xml.XmlBeanDefinitionReader >> Method: org.springframework.beans.factory.xml.XmlBeanDefinitionReader.loadBeanDefinitions(XmlBeanDefinitionReader.java:317) ]
INFO:Loading XML bean definitions from file [C:\Users\hello\Desktop\taotao\taotao-manager-web\target\classes\spring\applicationContext-dao.xml]
2019-05-07 21:21:09 下午 [Thread: localhost-startStop-1][ Class:org.springframework.beans.factory.xml.XmlBeanDefinitionReader >> Method: org.springframework.beans.factory.xml.XmlBeanDefinitionReader.loadBeanDefinitions(XmlBeanDefinitionReader.java:317) ]
INFO:Loading XML bean definitions from file [C:\Users\hello\Desktop\taotao\taotao-manager-web\target\classes\spring\applicationContext-service.xml]
2019-05-07 21:21:09 下午 [Thread: localhost-startStop-1][ Class:org.springframework.beans.factory.xml.XmlBeanDefinitionReader >> Method: org.springframework.beans.factory.xml.XmlBeanDefinitionReader.loadBeanDefinitions(XmlBeanDefinitionReader.java:317) ]
INFO:Loading XML bean definitions from file [C:\Users\hello\Desktop\taotao\taotao-manager-web\target\classes\spring\applicationContext-trans.xml]
2019-05-07 21:21:10 下午 [Thread: localhost-startStop-1][ Class:org.springframework.context.support.PropertySourcesPlaceholderConfigurer >> Method: org.springframework.core.io.support.PropertiesLoaderSupport.loadProperties(PropertiesLoaderSupport.java:172) ]
INFO:Loading properties file from file [C:\Users\hello\Desktop\taotao\taotao-manager-web\target\classes\resource\db.properties]
2019-05-07 21:21:10 下午 [Thread: localhost-startStop-1][ Class:org.springframework.context.support.PropertySourcesPlaceholderConfigurer >> Method: org.springframework.core.io.support.PropertiesLoaderSupport.loadProperties(PropertiesLoaderSupport.java:172) ]
INFO:Loading properties file from file [C:\Users\hello\Desktop\taotao\taotao-manager-web\target\classes\resource\resource.properties]
2019-05-07 21:21:11 下午 [Thread: localhost-startStop-1][ Class:org.springframework.web.context.ContextLoader >> Method: org.springframework.web.context.ContextLoader.initWebApplicationContext(ContextLoader.java:325) ]
INFO:Root WebApplicationContext: initialization completed in 1915 ms
2019-05-07 21:21:11 下午 [Thread: localhost-startStop-1][ Class:org.springframework.web.servlet.DispatcherServlet >> Method: org.springframework.web.servlet.FrameworkServlet.initServletBean(FrameworkServlet.java:484) ]
INFO:FrameworkServlet 'taotao-manager': initialization started
2019-05-07 21:21:11 下午 [Thread: localhost-startStop-1][ Class:org.springframework.web.context.support.XmlWebApplicationContext >> Method: org.springframework.context.support.AbstractApplicationContext.prepareRefresh(AbstractApplicationContext.java:510) ]
INFO:Refreshing WebApplicationContext for namespace 'taotao-manager-servlet': startup date [Tue May 07 21:21:11 CST 2019]; parent: Root WebApplicationContext
2019-05-07 21:21:11 下午 [Thread: localhost-startStop-1][ Class:org.springframework.beans.factory.xml.XmlBeanDefinitionReader >> Method: org.springframework.beans.factory.xml.XmlBeanDefinitionReader.loadBeanDefinitions(XmlBeanDefinitionReader.java:317) ]
INFO:Loading XML bean definitions from class path resource [spring/springmvc.xml]
2019-05-07 21:21:11 下午 [Thread: localhost-startStop-1][ Class:org.springframework.web.servlet.mvc.method.annotation.RequestMappingHandlerMapping >> Method: org.springframework.web.servlet.handler.AbstractHandlerMethodMapping.registerHandlerMethod(AbstractHandlerMethodMapping.java:220) ]
INFO:Mapped "{[/content/category/list],methods=[],params=[],headers=[],consumes=[],produces=[],custom=[]}" onto public java.util.List<com.taotao.common.pojo.EUTreeNode> com.taotao.controller.ContentCategoryController.getContentCatList(java.lang.Long)
2019-05-07 21:21:11 下午 [Thread: localhost-startStop-1][ Class:org.springframework.web.servlet.mvc.method.annotation.RequestMappingHandlerMapping >> Method: org.springframework.web.servlet.handler.AbstractHandlerMethodMapping.registerHandlerMethod(AbstractHandlerMethodMapping.java:220) ]
INFO:Mapped "{[/content/category/create],methods=[],params=[],headers=[],consumes=[],produces=[],custom=[]}" onto public com.taotao.common.pojo.TaotaoResult com.taotao.controller.ContentCategoryController.createContentCategory(java.lang.Long,java.lang.String)
2019-05-07 21:21:11 下午 [Thread: localhost-startStop-1][ Class:org.springframework.web.servlet.mvc.method.annotation.RequestMappingHandlerMapping >> Method: org.springframework.web.servlet.handler.AbstractHandlerMethodMapping.registerHandlerMethod(AbstractHandlerMethodMapping.java:220) ]
INFO:Mapped "{[/content/save],methods=[],params=[],headers=[],consumes=[],produces=[],custom=[]}" onto public com.taotao.common.pojo.TaotaoResult com.taotao.controller.ContentController.insertContent(com.taotao.pojo.TbContent)
2019-05-07 21:21:11 下午 [Thread: localhost-startStop-1][ Class:org.springframework.web.servlet.mvc.method.annotation.RequestMappingHandlerMapping >> Method: org.springframework.web.servlet.handler.AbstractHandlerMethodMapping.registerHandlerMethod(AbstractHandlerMethodMapping.java:220) ]
INFO:Mapped "{[/item/cat/list],methods=[],params=[],headers=[],consumes=[],produces=[],custom=[]}" onto private java.util.List<com.taotao.common.pojo.EUTreeNode> com.taotao.controller.ItemCatController.getCatList(java.lang.Long)
2019-05-07 21:21:11 下午 [Thread: localhost-startStop-1][ Class:org.springframework.web.servlet.mvc.method.annotation.RequestMappingHandlerMapping >> Method: org.springframework.web.servlet.handler.AbstractHandlerMethodMapping.registerHandlerMethod(AbstractHandlerMethodMapping.java:220) ]
INFO:Mapped "{[/item/update],methods=[],params=[],headers=[],consumes=[],produces=[],custom=[]}" onto public com.taotao.common.pojo.TaotaoResult com.taotao.controller.ItemController.updateItem(com.taotao.pojo.TbItem,java.lang.String)
2019-05-07 21:21:11 下午 [Thread: localhost-startStop-1][ Class:org.springframework.web.servlet.mvc.method.annotation.RequestMappingHandlerMapping >> Method: org.springframework.web.servlet.handler.AbstractHandlerMethodMapping.registerHandlerMethod(AbstractHandlerMethodMapping.java:220) ]
INFO:Mapped "{[/item/update],methods=[POST],params=[],headers=[],consumes=[],produces=[],custom=[]}" onto private com.taotao.common.pojo.TaotaoResult com.taotao.controller.ItemController.updateItem(com.taotao.pojo.TbItem,java.lang.String,java.lang.String) throws java.lang.Exception
2019-05-07 21:21:11 下午 [Thread: localhost-startStop-1][ Class:org.springframework.web.servlet.mvc.method.annotation.RequestMappingHandlerMapping >> Method: org.springframework.web.servlet.handler.AbstractHandlerMethodMapping.registerHandlerMethod(AbstractHandlerMethodMapping.java:220) ]
INFO:Mapped "{[/item/edit/{page}],methods=[],params=[],headers=[],consumes=[],produces=[],custom=[]}" onto private java.lang.String com.taotao.controller.ItemController.showItemList(java.lang.String)
2019-05-07 21:21:11 下午 [Thread: localhost-startStop-1][ Class:org.springframework.web.servlet.mvc.method.annotation.RequestMappingHandlerMapping >> Method: org.springframework.web.servlet.handler.AbstractHandlerMethodMapping.registerHandlerMethod(AbstractHandlerMethodMapping.java:220) ]
INFO:Mapped "{[/item/delete],methods=[POST],params=[],headers=[],consumes=[],produces=[],custom=[]}" onto public com.taotao.common.pojo.TaotaoResult com.taotao.controller.ItemController.deleteItem(java.lang.String) throws java.lang.Exception
2019-05-07 21:21:11 下午 [Thread: localhost-startStop-1][ Class:org.springframework.web.servlet.mvc.method.annotation.RequestMappingHandlerMapping >> Method: org.springframework.web.servlet.handler.AbstractHandlerMethodMapping.registerHandlerMethod(AbstractHandlerMethodMapping.java:220) ]
INFO:Mapped "{[/hello],methods=[GET],params=[],headers=[],consumes=[],produces=[],custom=[]}" onto private com.taotao.common.pojo.TaotaoResult com.taotao.controller.ItemController.hello() throws java.lang.Exception
2019-05-07 21:21:11 下午 [Thread: localhost-startStop-1][ Class:org.springframework.web.servlet.mvc.method.annotation.RequestMappingHandlerMapping >> Method: org.springframework.web.servlet.handler.AbstractHandlerMethodMapping.registerHandlerMethod(AbstractHandlerMethodMapping.java:220) ]
INFO:Mapped "{[/item/{itemId}],methods=[],params=[],headers=[],consumes=[],produces=[],custom=[]}" onto public com.taotao.pojo.TbItem com.taotao.controller.ItemController.getItemById(java.lang.Long)
2019-05-07 21:21:11 下午 [Thread: localhost-startStop-1][ Class:org.springframework.web.servlet.mvc.method.annotation.RequestMappingHandlerMapping >> Method: org.springframework.web.servlet.handler.AbstractHandlerMethodMapping.registerHandlerMethod(AbstractHandlerMethodMapping.java:220) ]
INFO:Mapped "{[/item/list],methods=[],params=[],headers=[],consumes=[],produces=[],custom=[]}" onto public com.taotao.common.pojo.EUDataGridResult com.taotao.controller.ItemController.getItemList(java.lang.Integer,java.lang.Integer)
2019-05-07 21:21:11 下午 [Thread: localhost-startStop-1][ Class:org.springframework.web.servlet.mvc.method.annotation.RequestMappingHandlerMapping >> Method: org.springframework.web.servlet.handler.AbstractHandlerMethodMapping.registerHandlerMethod(AbstractHandlerMethodMapping.java:220) ]
INFO:Mapped "{[/item/save],methods=[POST],params=[],headers=[],consumes=[],produces=[],custom=[]}" onto private com.taotao.common.pojo.TaotaoResult com.taotao.controller.ItemController.createItem(com.taotao.pojo.TbItem,java.lang.String,java.lang.String) throws java.lang.Exception
2019-05-07 21:21:11 下午 [Thread: localhost-startStop-1][ Class:org.springframework.web.servlet.mvc.method.annotation.RequestMappingHandlerMapping >> Method: org.springframework.web.servlet.handler.AbstractHandlerMethodMapping.registerHandlerMethod(AbstractHandlerMethodMapping.java:220) ]
INFO:Mapped "{[/item/param/query/itemcatid/{itemCatId}],methods=[],params=[],headers=[],consumes=[],produces=[],custom=[]}" onto public com.taotao.common.pojo.TaotaoResult com.taotao.controller.ItemParamController.getItemParamByCid(java.lang.Long)
2019-05-07 21:21:11 下午 [Thread: localhost-startStop-1][ Class:org.springframework.web.servlet.mvc.method.annotation.RequestMappingHandlerMapping >> Method: org.springframework.web.servlet.handler.AbstractHandlerMethodMapping.registerHandlerMethod(AbstractHandlerMethodMapping.java:220) ]
INFO:Mapped "{[/item/param/save/{cid}],methods=[],params=[],headers=[],consumes=[],produces=[],custom=[]}" onto public com.taotao.common.pojo.TaotaoResult com.taotao.controller.ItemParamController.insertItemParam(java.lang.Long,java.lang.String)
2019-05-07 21:21:11 下午 [Thread: localhost-startStop-1][ Class:org.springframework.web.servlet.mvc.method.annotation.RequestMappingHandlerMapping >> Method: org.springframework.web.servlet.handler.AbstractHandlerMethodMapping.registerHandlerMethod(AbstractHandlerMethodMapping.java:220) ]
INFO:Mapped "{[/showitem/{itemId}],methods=[],params=[],headers=[],consumes=[],produces=[],custom=[]}" onto public java.lang.String com.taotao.controller.ItemParamItemController.showItemParam(java.lang.Long,org.springframework.ui.Model)
2019-05-07 21:21:11 下午 [Thread: localhost-startStop-1][ Class:org.springframework.web.servlet.mvc.method.annotation.RequestMappingHandlerMapping >> Method: org.springframework.web.servlet.handler.AbstractHandlerMethodMapping.registerHandlerMethod(AbstractHandlerMethodMapping.java:220) ]
INFO:Mapped "{[/],methods=[],params=[],headers=[],consumes=[],produces=[],custom=[]}" onto public java.lang.String com.taotao.controller.PageController.showIndex()
2019-05-07 21:21:11 下午 [Thread: localhost-startStop-1][ Class:org.springframework.web.servlet.mvc.method.annotation.RequestMappingHandlerMapping >> Method: org.springframework.web.servlet.handler.AbstractHandlerMethodMapping.registerHandlerMethod(AbstractHandlerMethodMapping.java:220) ]
INFO:Mapped "{[/{page}],methods=[],params=[],headers=[],consumes=[],produces=[],custom=[]}" onto public java.lang.String com.taotao.controller.PageController.showpage(java.lang.String)
2019-05-07 21:21:11 下午 [Thread: localhost-startStop-1][ Class:org.springframework.web.servlet.mvc.method.annotation.RequestMappingHandlerMapping >> Method: org.springframework.web.servlet.handler.AbstractHandlerMethodMapping.registerHandlerMethod(AbstractHandlerMethodMapping.java:220) ]
INFO:Mapped "{[/pic/upload],methods=[],params=[],headers=[],consumes=[],produces=[],custom=[]}" onto public java.lang.String com.taotao.controller.PictureController.pictureUpload(org.springframework.web.multipart.MultipartFile)
2019-05-07 21:21:12 下午 [Thread: localhost-startStop-1][ Class:org.springframework.web.servlet.mvc.method.annotation.RequestMappingHandlerAdapter >> Method: org.springframework.web.servlet.mvc.method.annotation.RequestMappingHandlerAdapter.initControllerAdviceCache(RequestMappingHandlerAdapter.java:518) ]
INFO:Looking for @ControllerAdvice: WebApplicationContext for namespace 'taotao-manager-servlet': startup date [Tue May 07 21:21:11 CST 2019]; parent: Root WebApplicationContext
2019-05-07 21:21:12 下午 [Thread: localhost-startStop-1][ Class:org.springframework.web.servlet.mvc.method.annotation.RequestMappingHandlerAdapter >> Method: org.springframework.web.servlet.mvc.method.annotation.RequestMappingHandlerAdapter.initControllerAdviceCache(RequestMappingHandlerAdapter.java:518) ]
INFO:Looking for @ControllerAdvice: WebApplicationContext for namespace 'taotao-manager-servlet': startup date [Tue May 07 21:21:11 CST 2019]; parent: Root WebApplicationContext
2019-05-07 21:21:12 下午 [Thread: localhost-startStop-1][ Class:org.springframework.web.servlet.handler.SimpleUrlHandlerMapping >> Method: org.springframework.web.servlet.handler.AbstractUrlHandlerMapping.registerHandler(AbstractUrlHandlerMapping.java:314) ]
INFO:Mapped URL path [/css/**] onto handler 'org.springframework.web.servlet.resource.ResourceHttpRequestHandler#0'
2019-05-07 21:21:12 下午 [Thread: localhost-startStop-1][ Class:org.springframework.web.servlet.handler.SimpleUrlHandlerMapping >> Method: org.springframework.web.servlet.handler.AbstractUrlHandlerMapping.registerHandler(AbstractUrlHandlerMapping.java:314) ]
INFO:Mapped URL path [/js/**] onto handler 'org.springframework.web.servlet.resource.ResourceHttpRequestHandler#1'
2019-05-07 21:21:12 下午 [Thread: localhost-startStop-1][ Class:org.springframework.web.servlet.DispatcherServlet >> Method: org.springframework.web.servlet.FrameworkServlet.initServletBean(FrameworkServlet.java:503) ]
INFO:FrameworkServlet 'taotao-manager': initialization completed in 1032 ms
2019-05-07 21:21:17 下午 [Thread: http-bio-8080-exec-4][ Class:com.alibaba.druid.pool.DruidDataSource >> Method: com.alibaba.druid.pool.DruidDataSource.init(DruidDataSource.java:655) ]
INFO:{dataSource-1} inited
2019-05-07 21:21:20 下午 [Thread: http-bio-8080-exec-8][ Class:org.springframework.web.servlet.PageNotFound >> Method: org.springframework.web.servlet.DispatcherServlet.noHandlerFound(DispatcherServlet.java:1120) ]
WARN:No mapping found for HTTP request with URI [/rest/item/query/item/desc/562379] in DispatcherServlet with name 'taotao-manager'
2019-05-07 21:21:20 下午 [Thread: http-bio-8080-exec-2][ Class:org.springframework.web.servlet.PageNotFound >> Method: org.springframework.web.servlet.DispatcherServlet.noHandlerFound(DispatcherServlet.java:1120) ]
WARN:No mapping found for HTTP request with URI [/rest/item/param/item/query/562379] in DispatcherServlet with name 'taotao-manager'
2019-05-07 21:22:11 下午 [Thread: http-bio-8080-exec-9][ Class:org.springframework.web.servlet.PageNotFound >> Method: org.springframework.web.servlet.DispatcherServlet.noHandlerFound(DispatcherServlet.java:1120) ]
WARN:No mapping found for HTTP request with URI [/rest/item/query/item/desc/562379] in DispatcherServlet with name 'taotao-manager'
2019-05-07 21:22:11 下午 [Thread: http-bio-8080-exec-10][ Class:org.springframework.web.servlet.PageNotFound >> Method: org.springframework.web.servlet.DispatcherServlet.noHandlerFound(DispatcherServlet.java:1120) ]
WARN:No mapping found for HTTP request with URI [/rest/item/param/item/query/562379] in DispatcherServlet with name 'taotao-manager'
