2019-05-21 21:39:17,193 [http-bio-8081-exec-1] [org.springframework.web.servlet.mvc.method.annotation.ResponseBodyAdviceChain]-[DEBUG] After ResponseBodyAdvice chain body=com.taotao.common.pojo.TaotaoResult@5576c9
2019-05-21 21:39:17,214 [http-bio-8081-exec-1] [org.springframework.web.servlet.mvc.method.annotation.RequestResponseBodyMethodProcessor]-[DEBUG] Written [com.taotao.common.pojo.TaotaoResult@5576c9] as "application/json;charset=UTF-8" using [org.springframework.http.converter.json.MappingJackson2HttpMessageConverter@49aa92]
2019-05-21 21:39:17,215 [http-bio-8081-exec-1] [org.springframework.web.servlet.DispatcherServlet]-[DEBUG] Null ModelAndView returned to DispatcherServlet with name 'taotao-manager': assuming HandlerAdapter completed request handling
2019-05-21 21:39:17,218 [http-bio-8081-exec-1] [org.springframework.web.servlet.DispatcherServlet]-[DEBUG] Successfully completed request
2019-05-21 21:39:17,218 [http-bio-8081-exec-1] [org.springframework.beans.factory.support.DefaultListableBeanFactory]-[DEBUG] Returning cached instance of singleton bean 'sqlSessionFactory'
2019-05-21 21:39:25,943 [http-bio-8081-exec-3] [org.springframework.web.servlet.DispatcherServlet]-[DEBUG] DispatcherServlet with name 'taotao-manager' processing GET request for [/rest/item/info/1433500495290]
2019-05-21 21:39:25,943 [http-bio-8081-exec-3] [org.springframework.web.servlet.mvc.method.annotation.RequestMappingHandlerMapping]-[DEBUG] Looking up handler method for path /item/info/1433500495290
2019-05-21 21:39:25,943 [http-bio-8081-exec-3] [org.springframework.web.servlet.mvc.method.annotation.RequestMappingHandlerMapping]-[DEBUG] Returning handler method [public com.taotao.common.pojo.TaotaoResult com.taotao.rest.controller.ItemController.getItemBaseInfo(java.lang.Long)]
2019-05-21 21:39:25,943 [http-bio-8081-exec-3] [org.springframework.beans.factory.support.DefaultListableBeanFactory]-[DEBUG] Returning cached instance of singleton bean 'itemController'
2019-05-21 21:39:25,943 [http-bio-8081-exec-3] [org.springframework.web.servlet.DispatcherServlet]-[DEBUG] Last-Modified value for [/rest/item/info/1433500495290] is: -1
2019-05-21 21:39:25,951 [http-bio-8081-exec-3] [org.mybatis.spring.SqlSessionUtils]-[DEBUG] Creating a new SqlSession
2019-05-21 21:39:25,960 [http-bio-8081-exec-3] [org.mybatis.spring.SqlSessionUtils]-[DEBUG] Registering transaction synchronization for SqlSession [org.apache.ibatis.session.defaults.DefaultSqlSession@97f730]
2019-05-21 21:39:25,969 [http-bio-8081-exec-3] [org.springframework.jdbc.datasource.DataSourceUtils]-[DEBUG] Fetching JDBC Connection from DataSource
2019-05-21 21:39:26,004 [http-bio-8081-exec-3] [com.alibaba.druid.pool.DruidDataSource]-[INFO] {dataSource-1} inited
2019-05-21 21:39:26,223 [http-bio-8081-exec-3] [org.springframework.jdbc.datasource.DataSourceUtils]-[DEBUG] Registering transaction synchronization for JDBC Connection
2019-05-21 21:39:26,225 [http-bio-8081-exec-3] [org.mybatis.spring.transaction.SpringManagedTransaction]-[DEBUG] JDBC Connection [com.mysql.jdbc.JDBC4Connection@19aac4] will be managed by Spring
2019-05-21 21:39:26,228 [http-bio-8081-exec-3] [com.taotao.mapper.TbItemMapper.selectByPrimaryKey]-[DEBUG] ==>  Preparing: select id, title, sell_point, price, num, barcode, image, cid, status, created, updated from tb_item where id = ? 
2019-05-21 21:39:26,248 [http-bio-8081-exec-3] [com.taotao.mapper.TbItemMapper.selectByPrimaryKey]-[DEBUG] ==> Parameters: 1433500495290(Long)
2019-05-21 21:39:26,266 [http-bio-8081-exec-3] [com.taotao.mapper.TbItemMapper.selectByPrimaryKey]-[DEBUG] <==      Total: 1
2019-05-21 21:39:26,267 [http-bio-8081-exec-3] [org.mybatis.spring.SqlSessionUtils]-[DEBUG] Releasing transactional SqlSession [org.apache.ibatis.session.defaults.DefaultSqlSession@97f730]
2019-05-21 21:39:26,270 [http-bio-8081-exec-3] [org.mybatis.spring.SqlSessionUtils]-[DEBUG] Transaction synchronization deregistering SqlSession [org.apache.ibatis.session.defaults.DefaultSqlSession@97f730]
2019-05-21 21:39:26,270 [http-bio-8081-exec-3] [org.mybatis.spring.SqlSessionUtils]-[DEBUG] Transaction synchronization closing SqlSession [org.apache.ibatis.session.defaults.DefaultSqlSession@97f730]
2019-05-21 21:39:26,271 [http-bio-8081-exec-3] [org.springframework.jdbc.datasource.DataSourceUtils]-[DEBUG] Returning JDBC Connection to DataSource
2019-05-21 21:39:26,271 [http-bio-8081-exec-3] [org.springframework.web.servlet.mvc.method.annotation.ResponseBodyAdviceChain]-[DEBUG] Invoking ResponseBodyAdvice chain for body=com.taotao.common.pojo.TaotaoResult@17c48f2
2019-05-21 21:39:26,272 [http-bio-8081-exec-3] [org.springframework.web.servlet.mvc.method.annotation.ResponseBodyAdviceChain]-[DEBUG] After ResponseBodyAdvice chain body=com.taotao.common.pojo.TaotaoResult@17c48f2
2019-05-21 21:39:26,274 [http-bio-8081-exec-3] [org.springframework.web.servlet.mvc.method.annotation.RequestResponseBodyMethodProcessor]-[DEBUG] Written [com.taotao.common.pojo.TaotaoResult@17c48f2] as "application/json;charset=UTF-8" using [org.springframework.http.converter.json.MappingJackson2HttpMessageConverter@49aa92]
2019-05-21 21:39:26,274 [http-bio-8081-exec-3] [org.springframework.web.servlet.DispatcherServlet]-[DEBUG] Null ModelAndView returned to DispatcherServlet with name 'taotao-manager': assuming HandlerAdapter completed request handling
2019-05-21 21:39:26,274 [http-bio-8081-exec-3] [org.springframework.web.servlet.DispatcherServlet]-[DEBUG] Successfully completed request
2019-05-21 21:39:27,607 [http-bio-8081-exec-5] [org.springframework.web.servlet.DispatcherServlet]-[DEBUG] DispatcherServlet with name 'taotao-manager' processing GET request for [/rest/item/info/1433500495290]
2019-05-21 21:39:27,607 [http-bio-8081-exec-5] [org.springframework.web.servlet.mvc.method.annotation.RequestMappingHandlerMapping]-[DEBUG] Looking up handler method for path /item/info/1433500495290
2019-05-21 21:39:27,607 [http-bio-8081-exec-5] [org.springframework.web.servlet.mvc.method.annotation.RequestMappingHandlerMapping]-[DEBUG] Returning handler method [public com.taotao.common.pojo.TaotaoResult com.taotao.rest.controller.ItemController.getItemBaseInfo(java.lang.Long)]
2019-05-21 21:39:27,607 [http-bio-8081-exec-5] [org.springframework.beans.factory.support.DefaultListableBeanFactory]-[DEBUG] Returning cached instance of singleton bean 'itemController'
2019-05-21 21:39:27,607 [http-bio-8081-exec-5] [org.springframework.web.servlet.DispatcherServlet]-[DEBUG] Last-Modified value for [/rest/item/info/1433500495290] is: -1
2019-05-21 21:39:27,614 [http-bio-8081-exec-5] [org.springframework.web.servlet.mvc.method.annotation.ResponseBodyAdviceChain]-[DEBUG] Invoking ResponseBodyAdvice chain for body=com.taotao.common.pojo.TaotaoResult@10fcf6d
2019-05-21 21:39:27,614 [http-bio-8081-exec-5] [org.springframework.web.servlet.mvc.method.annotation.ResponseBodyAdviceChain]-[DEBUG] After ResponseBodyAdvice chain body=com.taotao.common.pojo.TaotaoResult@10fcf6d
2019-05-21 21:39:27,615 [http-bio-8081-exec-5] [org.springframework.web.servlet.mvc.method.annotation.RequestResponseBodyMethodProcessor]-[DEBUG] Written [com.taotao.common.pojo.TaotaoResult@10fcf6d] as "application/json;charset=UTF-8" using [org.springframework.http.converter.json.MappingJackson2HttpMessageConverter@49aa92]
2019-05-21 21:39:27,615 [http-bio-8081-exec-5] [org.springframework.web.servlet.DispatcherServlet]-[DEBUG] Null ModelAndView returned to DispatcherServlet with name 'taotao-manager': assuming HandlerAdapter completed request handling
2019-05-21 21:39:27,615 [http-bio-8081-exec-5] [org.springframework.web.servlet.DispatcherServlet]-[DEBUG] Successfully completed request
